<?xml version="1.0" encoding="UTF-8"?>
<robot generator="Robot 7.3.1 (Python 3.13.5 on win32)" generated="2025-07-10T10:56:32.509441" rpa="false" schemaversion="5">
<suite id="s1" name="Amazon Testes" source="C:\Users\Infra\OneDrive - Pulsati\Área de Trabalho\Cursos\Automação\RobotWebTesting\WebTesting\amazon_testes.robot">
<test id="s1-t1" name="Caso de teste 01 - Acesso ao menu &quot;Amazon Prime&quot;" line="9">
<kw name="Abrir o navegador" owner="amazon_resources" type="SETUP">
<kw name="Open Browser" owner="SeleniumLibrary">
<msg time="2025-07-10T10:56:32.929505" level="INFO">Opening browser 'chrome' to base url 'None'.</msg>
<arg>browser=chrome</arg>
<doc>Opens a new browser instance to the optional ``url``.</doc>
<status status="PASS" start="2025-07-10T10:56:32.929293" elapsed="1.884852"/>
</kw>
<kw name="Maximize Browser Window" owner="SeleniumLibrary">
<doc>Maximizes current browser window.</doc>
<status status="PASS" start="2025-07-10T10:56:34.814780" elapsed="0.074742"/>
</kw>
<status status="PASS" start="2025-07-10T10:56:32.928596" elapsed="1.961166"/>
</kw>
<kw name="Acessar a home page do site Amazon.com.br" owner="amazon_resources">
<kw name="Go To" owner="SeleniumLibrary">
<msg time="2025-07-10T10:56:34.891452" level="INFO">Opening url 'https://www.amazon.com.br/'</msg>
<arg>url=${URL}</arg>
<doc>Navigates the current browser window to the provided ``url``.</doc>
<status status="PASS" start="2025-07-10T10:56:34.891034" elapsed="0.826165"/>
</kw>
<kw name="Wait Until Element Is Visible" owner="SeleniumLibrary">
<arg>locator=${LOGO}</arg>
<doc>Waits until the element ``locator`` is visible.</doc>
<status status="PASS" start="2025-07-10T10:56:35.717583" elapsed="4.958107"/>
</kw>
<status status="PASS" start="2025-07-10T10:56:34.890436" elapsed="5.785663"/>
</kw>
<kw name="Entrar no menu &quot;Amazon Prime&quot;" owner="amazon_resources">
<kw name="Wait Until Element Is Visible" owner="SeleniumLibrary">
<arg>locator=${MENU_TODOS}</arg>
<doc>Waits until the element ``locator`` is visible.</doc>
<status status="PASS" start="2025-07-10T10:56:40.680215" elapsed="0.108605"/>
</kw>
<kw name="Click Element" owner="SeleniumLibrary">
<msg time="2025-07-10T10:56:40.789752" level="INFO">Clicking element '//span[@class='hm-icon-label']'.</msg>
<arg>locator=${MENU_TODOS}</arg>
<doc>Click the element identified by ``locator``.</doc>
<status status="PASS" start="2025-07-10T10:56:40.789190" elapsed="0.380839"/>
</kw>
<kw name="Wait Until Element Is Visible" owner="SeleniumLibrary">
<arg>locator=${TITULO_MENU}</arg>
<doc>Waits until the element ``locator`` is visible.</doc>
<status status="PASS" start="2025-07-10T10:56:41.170526" elapsed="0.660840"/>
</kw>
<kw name="Scroll Element Into View" owner="SeleniumLibrary">
<arg>locator=${ITEM_AMAZON_PRIME}</arg>
<doc>Scrolls the element identified by ``locator`` into view.</doc>
<status status="PASS" start="2025-07-10T10:56:41.831603" elapsed="0.314277"/>
</kw>
<kw name="Click Element" owner="SeleniumLibrary">
<msg time="2025-07-10T10:56:42.147334" level="INFO">Clicking element '//a[normalize-space()='Amazon Prime']'.</msg>
<arg>locator=${ITEM_AMAZON_PRIME}</arg>
<doc>Click the element identified by ``locator``.</doc>
<status status="PASS" start="2025-07-10T10:56:42.146514" elapsed="1.003608"/>
</kw>
<kw name="Sleep" owner="BuiltIn">
<msg time="2025-07-10T10:56:44.151438" level="INFO">Slept 1 second.</msg>
<arg>1.0s</arg>
<doc>Pauses the test executed for the given time.</doc>
<status status="PASS" start="2025-07-10T10:56:43.150380" elapsed="1.001300"/>
</kw>
<kw name="Element Should Be Visible" owner="SeleniumLibrary">
<msg time="2025-07-10T10:56:44.199117" level="INFO">Element '//img[@alt='Logotipo do Amazon Prime']' is displayed.</msg>
<arg>locator=${TELA_AMAZON_PRIME}</arg>
<doc>Verifies that the element identified by ``locator`` is visible.</doc>
<status status="PASS" start="2025-07-10T10:56:44.152057" elapsed="0.047159"/>
</kw>
<status status="PASS" start="2025-07-10T10:56:40.679533" elapsed="3.519794"/>
</kw>
<kw name="Verificar se aparece a opção &quot;Frete grátis&quot;" owner="amazon_resources">
<kw name="Scroll Element Into View" owner="SeleniumLibrary">
<arg>locator=${FRETE_GRATIS}</arg>
<doc>Scrolls the element identified by ``locator`` into view.</doc>
<status status="PASS" start="2025-07-10T10:56:44.200200" elapsed="0.306671"/>
</kw>
<kw name="Click Element" owner="SeleniumLibrary">
<msg time="2025-07-10T10:56:44.508555" level="INFO">Clicking element '//a[@aria-label='Frete GRÁTIS na primeira compra']'.</msg>
<arg>locator=${FRETE_GRATIS}</arg>
<doc>Click the element identified by ``locator``.</doc>
<status status="PASS" start="2025-07-10T10:56:44.507654" elapsed="0.805588"/>
</kw>
<kw name="Element Should Be Visible" owner="SeleniumLibrary">
<msg time="2025-07-10T10:56:45.352132" level="INFO">Element '//img[@alt='Frete GRÁTIS no seu primeiro pedido']' is displayed.</msg>
<arg>locator=${BANER_FRETE_GRATIS}</arg>
<doc>Verifies that the element identified by ``locator`` is visible.</doc>
<status status="PASS" start="2025-07-10T10:56:45.313518" elapsed="0.038794"/>
</kw>
<status status="PASS" start="2025-07-10T10:56:44.199757" elapsed="1.152743"/>
</kw>
<doc>Esse teste verifica o menu Amazon Prime do site da Amazon.com.br
e verifica a opção Fréte grátis</doc>
<tag>categorias</tag>
<tag>menus</tag>
<status status="PASS" start="2025-07-10T10:56:32.927391" elapsed="12.425705"/>
</test>
<doc>Essa suite testa o site da Amazon.com.br</doc>
<status status="PASS" start="2025-07-10T10:56:32.512101" elapsed="12.842366"/>
</suite>
<statistics>
<total>
<stat pass="1" fail="0" skip="0">All Tests</stat>
</total>
<tag>
<stat pass="1" fail="0" skip="0">categorias</stat>
<stat pass="1" fail="0" skip="0">menus</stat>
</tag>
<suite>
<stat name="Amazon Testes" id="s1" pass="1" fail="0" skip="0">Amazon Testes</stat>
</suite>
</statistics>
<errors>
</errors>
</robot>
